0 info it worked if it ends with ok
1 verbose cli [ '/usr/bin/node', '/usr/bin/npm', 'run', 'prod' ]
2 info using npm@6.14.4
3 info using node@v10.19.0
4 verbose stack Error: missing script: prod
4 verbose stack     at run (/usr/share/npm/lib/run-script.js:155:19)
4 verbose stack     at /usr/share/npm/lib/run-script.js:63:5
4 verbose stack     at /usr/share/nodejs/read-package-json/read-json.js:116:5
4 verbose stack     at /usr/share/nodejs/read-package-json/read-json.js:436:5
4 verbose stack     at checkBinReferences_ (/usr/share/nodejs/read-package-json/read-json.js:391:45)
4 verbose stack     at final (/usr/share/nodejs/read-package-json/read-json.js:434:3)
4 verbose stack     at then (/usr/share/nodejs/read-package-json/read-json.js:161:5)
4 verbose stack     at /usr/share/nodejs/read-package-json/read-json.js:382:12
4 verbose stack     at /usr/share/nodejs/graceful-fs/graceful-fs.js:115:16
4 verbose stack     at FSReqWrap.readFileAfterClose [as oncomplete] (internal/fs/read_file_context.js:53:3)
5 verbose cwd /var/www/html/tgl-10-ui
6 verbose Linux 5.4.0-26-generic
7 verbose argv "/usr/bin/node" "/usr/bin/npm" "run" "prod"
8 verbose node v10.19.0
9 verbose npm  v6.14.4
10 error missing script: prod
11 verbose exit [ 1, true ]
